<?xml version="1.0" encoding="UTF-8"?>
<testng-results ignored="0" total="9" passed="9" failed="0" skipped="0">
  <reporter-output>
  </reporter-output>
  <suite started-at="2023-02-14T13:55:22 IST" name="Default suite" finished-at="2023-02-14T13:57:48 IST" duration-ms="146335">
    <groups>
      <group name="cucumber">
        <method signature="AbstractTestNGCucumberTests.runScenario(io.cucumber.testng.PickleWrapper,io.cucumber.testng.FeatureWrapper)[pri:0, instance:testrunner.MyTestRunner@7c137fd5]" name="runScenario" class="io.cucumber.testng.AbstractTestNGCucumberTests"/>
      </group> <!-- cucumber -->
    </groups>
    <test started-at="2023-02-14T13:55:22 IST" name="Default test" finished-at="2023-02-14T13:57:48 IST" duration-ms="146335">
      <class name="testrunner.MyTestRunner">
        <test-method is-config="true" signature="setUpClass(org.testng.ITestContext)[pri:0, instance:testrunner.MyTestRunner@7c137fd5]" started-at="2023-02-14T13:55:22 IST" name="setUpClass" finished-at="2023-02-14T13:55:23 IST" duration-ms="774" status="PASS">
          <params>
            <param index="0">
              <value>
                <![CDATA[org.testng.TestRunner@69f24965]]>
              </value>
            </param>
          </params>
          <reporter-output>
          </reporter-output>
        </test-method> <!-- setUpClass -->
        <test-method signature="runScenario(io.cucumber.testng.PickleWrapper,io.cucumber.testng.FeatureWrapper)[pri:0, instance:testrunner.MyTestRunner@7c137fd5]" started-at="2023-02-14T13:55:23 IST" name="runScenario" description="Runs Cucumber Scenarios" data-provider="scenarios" finished-at="2023-02-14T13:55:36 IST" duration-ms="13058" status="PASS">
          <params>
            <param index="0">
              <value>
                <![CDATA["To verify if user is able to search the valid product"]]>
              </value>
            </param>
            <param index="1">
              <value>
                <![CDATA["Search Module"]]>
              </value>
            </param>
          </params>
          <reporter-output>
          </reporter-output>
        </test-method> <!-- runScenario -->
        <test-method signature="runScenario(io.cucumber.testng.PickleWrapper,io.cucumber.testng.FeatureWrapper)[pri:0, instance:testrunner.MyTestRunner@7c137fd5]" started-at="2023-02-14T13:55:36 IST" name="runScenario" description="Runs Cucumber Scenarios" data-provider="scenarios" finished-at="2023-02-14T13:55:45 IST" duration-ms="9422" status="PASS">
          <params>
            <param index="0">
              <value>
                <![CDATA["To verify the message when user searches for the invalid product"]]>
              </value>
            </param>
            <param index="1">
              <value>
                <![CDATA["Search Module"]]>
              </value>
            </param>
          </params>
          <reporter-output>
          </reporter-output>
        </test-method> <!-- runScenario -->
        <test-method signature="runScenario(io.cucumber.testng.PickleWrapper,io.cucumber.testng.FeatureWrapper)[pri:0, instance:testrunner.MyTestRunner@7c137fd5]" started-at="2023-02-14T13:55:45 IST" name="runScenario" description="Runs Cucumber Scenarios" data-provider="scenarios" finished-at="2023-02-14T13:55:59 IST" duration-ms="14272" status="PASS">
          <params>
            <param index="0">
              <value>
                <![CDATA["To verify if user is able to add item to the cart"]]>
              </value>
            </param>
            <param index="1">
              <value>
                <![CDATA["Add to cart"]]>
              </value>
            </param>
          </params>
          <reporter-output>
          </reporter-output>
        </test-method> <!-- runScenario -->
        <test-method signature="runScenario(io.cucumber.testng.PickleWrapper,io.cucumber.testng.FeatureWrapper)[pri:0, instance:testrunner.MyTestRunner@7c137fd5]" started-at="2023-02-14T13:55:59 IST" name="runScenario" description="Runs Cucumber Scenarios" data-provider="scenarios" finished-at="2023-02-14T13:56:15 IST" duration-ms="15676" status="PASS">
          <params>
            <param index="0">
              <value>
                <![CDATA["To verif if user can increase/decrease item quantity"]]>
              </value>
            </param>
            <param index="1">
              <value>
                <![CDATA["Add to cart"]]>
              </value>
            </param>
          </params>
          <reporter-output>
          </reporter-output>
        </test-method> <!-- runScenario -->
        <test-method signature="runScenario(io.cucumber.testng.PickleWrapper,io.cucumber.testng.FeatureWrapper)[pri:0, instance:testrunner.MyTestRunner@7c137fd5]" started-at="2023-02-14T13:56:15 IST" name="runScenario" description="Runs Cucumber Scenarios" data-provider="scenarios" finished-at="2023-02-14T13:56:31 IST" duration-ms="16033" status="PASS">
          <params>
            <param index="0">
              <value>
                <![CDATA["To verify if user is able to remove the the item from the cart"]]>
              </value>
            </param>
            <param index="1">
              <value>
                <![CDATA["Add to cart"]]>
              </value>
            </param>
          </params>
          <reporter-output>
          </reporter-output>
        </test-method> <!-- runScenario -->
        <test-method signature="runScenario(io.cucumber.testng.PickleWrapper,io.cucumber.testng.FeatureWrapper)[pri:0, instance:testrunner.MyTestRunner@7c137fd5]" started-at="2023-02-14T13:56:31 IST" name="runScenario" description="Runs Cucumber Scenarios" data-provider="scenarios" finished-at="2023-02-14T13:56:48 IST" duration-ms="17157" status="PASS">
          <params>
            <param index="0">
              <value>
                <![CDATA["To verify if user navigates to checkout page after clicking on Proceed To Checkout button"]]>
              </value>
            </param>
            <param index="1">
              <value>
                <![CDATA["Checkout"]]>
              </value>
            </param>
          </params>
          <reporter-output>
          </reporter-output>
        </test-method> <!-- runScenario -->
        <test-method signature="runScenario(io.cucumber.testng.PickleWrapper,io.cucumber.testng.FeatureWrapper)[pri:0, instance:testrunner.MyTestRunner@7c137fd5]" started-at="2023-02-14T13:56:48 IST" name="runScenario" description="Runs Cucumber Scenarios" data-provider="scenarios" finished-at="2023-02-14T13:57:10 IST" duration-ms="21985" status="PASS">
          <params>
            <param index="0">
              <value>
                <![CDATA["To verify error message when user enters the invalid promo code"]]>
              </value>
            </param>
            <param index="1">
              <value>
                <![CDATA["Checkout"]]>
              </value>
            </param>
          </params>
          <reporter-output>
          </reporter-output>
        </test-method> <!-- runScenario -->
        <test-method signature="runScenario(io.cucumber.testng.PickleWrapper,io.cucumber.testng.FeatureWrapper)[pri:0, instance:testrunner.MyTestRunner@7c137fd5]" started-at="2023-02-14T13:57:10 IST" name="runScenario" description="Runs Cucumber Scenarios" data-provider="scenarios" finished-at="2023-02-14T13:57:27 IST" duration-ms="17262" status="PASS">
          <params>
            <param index="0">
              <value>
                <![CDATA["To verify if user gets country selection after clicking on Place Order button"]]>
              </value>
            </param>
            <param index="1">
              <value>
                <![CDATA["Checkout"]]>
              </value>
            </param>
          </params>
          <reporter-output>
          </reporter-output>
        </test-method> <!-- runScenario -->
        <test-method signature="runScenario(io.cucumber.testng.PickleWrapper,io.cucumber.testng.FeatureWrapper)[pri:0, instance:testrunner.MyTestRunner@7c137fd5]" started-at="2023-02-14T13:57:27 IST" name="runScenario" description="Runs Cucumber Scenarios" data-provider="scenarios" finished-at="2023-02-14T13:57:45 IST" duration-ms="17739" status="PASS">
          <params>
            <param index="0">
              <value>
                <![CDATA["To verify if user can place order after selecting the country and accepting Terms & Conditions"]]>
              </value>
            </param>
            <param index="1">
              <value>
                <![CDATA["Checkout"]]>
              </value>
            </param>
          </params>
          <reporter-output>
          </reporter-output>
        </test-method> <!-- runScenario -->
        <test-method is-config="true" signature="tearDownClass()[pri:0, instance:testrunner.MyTestRunner@7c137fd5]" started-at="2023-02-14T13:57:45 IST" name="tearDownClass" finished-at="2023-02-14T13:57:48 IST" duration-ms="2841" status="PASS">
          <reporter-output>
          </reporter-output>
        </test-method> <!-- tearDownClass -->
      </class> <!-- testrunner.MyTestRunner -->
    </test> <!-- Default test -->
  </suite> <!-- Default suite -->
</testng-results>
